<?xml version="1.0" encoding="UTF-8"?>
<coverage generated="1622089968991" clover="3.2.0">
  <project timestamp="1622089968991" name="All files">
    <metrics statements="10" coveredstatements="10" conditionals="4" coveredconditionals="4" methods="2" coveredmethods="2" elements="16" coveredelements="16" complexity="0" loc="10" ncloc="10" packages="1" files="1" classes="1"/>
    <file name="bubble-sort.js" path="C:\Users\matwe\personal\coding-challenge\Algorithms\Bubble Sort\bubble-sort.js">
      <metrics statements="10" coveredstatements="10" conditionals="4" coveredconditionals="4" methods="2" coveredmethods="2"/>
      <line num="9" count="1" type="stmt"/>
      <line num="10" count="9" type="stmt"/>
      <line num="11" count="9" type="stmt"/>
      <line num="12" count="9" type="stmt"/>
      <line num="15" count="1" type="stmt"/>
      <line num="16" count="7" type="stmt"/>
      <line num="17" count="28" type="stmt"/>
      <line num="18" count="168" type="cond" truecount="4" falsecount="0"/>
      <line num="19" count="9" type="stmt"/>
      <line num="24" count="7" type="stmt"/>
    </file>
  </project>
</coverage>
