{"C:\\Users\\matwe\\personal\\coding-challenge\\Algorithms\\Bubble Sort\\bubble-sort.js": {"path":"C:\\Users\\matwe\\personal\\coding-challenge\\Algorithms\\Bubble Sort\\bubble-sort.js","statementMap":{"0":{"start":{"line":9,"column":13},"end":{"line":13,"column":1}},"1":{"start":{"line":10,"column":14},"end":{"line":10,"column":24}},"2":{"start":{"line":11,"column":4},"end":{"line":11,"column":28}},"3":{"start":{"line":12,"column":4},"end":{"line":12,"column":21}},"4":{"start":{"line":15,"column":19},"end":{"line":25,"column":1}},"5":{"start":{"line":16,"column":4},"end":{"line":23,"column":5}},"6":{"start":{"line":16,"column":17},"end":{"line":16,"column":18}},"7":{"start":{"line":17,"column":8},"end":{"line":22,"column":9}},"8":{"start":{"line":17,"column":21},"end":{"line":17,"column":22}},"9":{"start":{"line":18,"column":12},"end":{"line":20,"column":13}},"10":{"start":{"line":19,"column":16},"end":{"line":19,"column":35}},"11":{"start":{"line":24,"column":4},"end":{"line":24,"column":16}}},"fnMap":{"0":{"name":"(anonymous_0)","decl":{"start":{"line":9,"column":13},"end":{"line":9,"column":14}},"loc":{"start":{"line":9,"column":35},"end":{"line":13,"column":1}},"line":9},"1":{"name":"(anonymous_1)","decl":{"start":{"line":15,"column":19},"end":{"line":15,"column":20}},"loc":{"start":{"line":15,"column":29},"end":{"line":25,"column":1}},"line":15}},"branchMap":{"0":{"loc":{"start":{"line":18,"column":12},"end":{"line":20,"column":13}},"type":"if","locations":[{"start":{"line":18,"column":12},"end":{"line":20,"column":13}},{"start":{"line":18,"column":12},"end":{"line":20,"column":13}}],"line":18},"1":{"loc":{"start":{"line":18,"column":16},"end":{"line":18,"column":58}},"type":"binary-expr","locations":[{"start":{"line":18,"column":16},"end":{"line":18,"column":35}},{"start":{"line":18,"column":39},"end":{"line":18,"column":58}}],"line":18}},"s":{"0":1,"1":9,"2":9,"3":9,"4":1,"5":7,"6":7,"7":28,"8":28,"9":168,"10":9,"11":7},"f":{"0":9,"1":7},"b":{"0":[9,159],"1":[168,140]},"_coverageSchema":"1a1c01bbd47fc00a2c39e90264f33305004495a9","hash":"80984340f47a2c5619d0b23ae086f11233a9efbf"}
}
